<?xml version="1.0" encoding="UTF-8"?>
<!-- Generated by org.testng.reporters.JUnitXMLReporter -->
<testsuite ignored="0" hostname="DESKTOP-S344IQT" failures="0" tests="2" name="Test" time="25.547" errors="0" timestamp="2022-09-27T11:54:49 IST">
  <testcase classname="mavenAngleOne.TestPack01.TC01VerifyLoginFunctionality" name="loginFunctionality" time="0.013"/>
  <testcase classname="mavenAngleOne.TestPack01.TC02VerifyCommodityTab" name="verifyCommodityTab" time="1.721"/>
</testsuite> <!-- Test -->
