<?xml version="1.0" encoding="UTF-8"?>
<testng-results ignored="0" total="2" passed="2" failed="0" skipped="0">
  <reporter-output>
  </reporter-output>
  <suite started-at="2022-09-27T11:54:24 IST" name="Suite" finished-at="2022-09-27T11:54:49 IST" duration-ms="25547">
    <groups>
    </groups>
    <test started-at="2022-09-27T11:54:24 IST" name="Test" finished-at="2022-09-27T11:54:49 IST" duration-ms="25547">
      <class name="mavenAngleOne.TestPack01.TC02VerifyCommodityTab">
        <test-method is-config="true" signature="setUp(java.lang.String)[pri:0, instance:mavenAngleOne.TestPack01.TC02VerifyCommodityTab@4d02f94e]" started-at="2022-09-27T11:54:38 IST" name="setUp" finished-at="2022-09-27T11:54:47 IST" duration-ms="9103" status="PASS">
          <params>
            <param index="0">
              <value>
                <![CDATA[chrome]]>
              </value>
            </param>
          </params>
          <reporter-output>
          </reporter-output>
        </test-method> <!-- setUp -->
        <test-method signature="verifyCommodityTab()[pri:0, instance:mavenAngleOne.TestPack01.TC02VerifyCommodityTab@4d02f94e]" started-at="2022-09-27T11:54:47 IST" name="verifyCommodityTab" finished-at="2022-09-27T11:54:49 IST" duration-ms="1721" status="PASS">
          <reporter-output>
          </reporter-output>
        </test-method> <!-- verifyCommodityTab -->
        <test-method is-config="true" signature="teartDown()[pri:0, instance:mavenAngleOne.TestPack01.TC02VerifyCommodityTab@4d02f94e]" started-at="2022-09-27T11:54:49 IST" name="teartDown" finished-at="2022-09-27T11:54:49 IST" duration-ms="229" status="PASS">
          <reporter-output>
          </reporter-output>
        </test-method> <!-- teartDown -->
      </class> <!-- mavenAngleOne.TestPack01.TC02VerifyCommodityTab -->
      <class name="mavenAngleOne.TestPack01.TC01VerifyLoginFunctionality">
        <test-method is-config="true" signature="setUp(java.lang.String)[pri:0, instance:mavenAngleOne.TestPack01.TC01VerifyLoginFunctionality@696da30b]" started-at="2022-09-27T11:54:24 IST" name="setUp" finished-at="2022-09-27T11:54:38 IST" duration-ms="14161" status="PASS">
          <params>
            <param index="0">
              <value>
                <![CDATA[chrome]]>
              </value>
            </param>
          </params>
          <reporter-output>
          </reporter-output>
        </test-method> <!-- setUp -->
        <test-method signature="loginFunctionality()[pri:0, instance:mavenAngleOne.TestPack01.TC01VerifyLoginFunctionality@696da30b]" started-at="2022-09-27T11:54:38 IST" name="loginFunctionality" finished-at="2022-09-27T11:54:38 IST" duration-ms="13" status="PASS">
          <reporter-output>
          </reporter-output>
        </test-method> <!-- loginFunctionality -->
        <test-method is-config="true" signature="teartDown()[pri:0, instance:mavenAngleOne.TestPack01.TC01VerifyLoginFunctionality@696da30b]" started-at="2022-09-27T11:54:38 IST" name="teartDown" finished-at="2022-09-27T11:54:38 IST" duration-ms="271" status="PASS">
          <reporter-output>
          </reporter-output>
        </test-method> <!-- teartDown -->
      </class> <!-- mavenAngleOne.TestPack01.TC01VerifyLoginFunctionality -->
    </test> <!-- Test -->
  </suite> <!-- Suite -->
</testng-results>
